2015/10/27 16:15:22 [error] [exception.CHttpException.403] exception 'CHttpException' with message 'Login Required' in /var/www/html/yii/framework/web/auth/CWebUser.php:394
Stack trace:
#0 /var/www/html/yii/framework/web/auth/CAccessControlFilter.php(180): CWebUser->loginRequired()
#1 /var/www/html/yii/framework/web/auth/CAccessControlFilter.php(145): CAccessControlFilter->accessDenied(Object(CWebUser), 'You are not aut...')
#2 /var/www/html/yii/framework/web/filters/CFilter.php(38): CAccessControlFilter->preFilter(Object(CFilterChain))
#3 /var/www/html/yii/framework/web/CController.php(1145): CFilter->filter(Object(CFilterChain))
#4 /var/www/html/yii/framework/web/filters/CInlineFilter.php(58): CController->filterAccessControl(Object(CFilterChain))
#5 /var/www/html/yii/framework/web/filters/CFilterChain.php(130): CInlineFilter->filter(Object(CFilterChain))
#6 /var/www/html/yii/framework/web/CController.php(291): CFilterChain->run()
#7 /var/www/html/yii/framework/web/CController.php(265): CController->runActionWithFilters(Object(CInlineAction), Array)
#8 /var/www/html/yii/framework/web/CWebApplication.php(282): CController->run('savetitle')
#9 /var/www/html/yii/framework/web/CWebApplication.php(141): CWebApplication->runController('posts/saveTitle')
#10 /var/www/html/yii/framework/base/CApplication.php(184): CWebApplication->processRequest()
#11 /var/www/html/webapp/index.php(13): CApplication->run()
#12 {main}
REQUEST_URI=/posts/saveTitle?id=1321
HTTP_REFERER=http://meiliuer.com/posts/1321
---
2015/10/27 16:15:58 [error] [exception.CHttpException.403] exception 'CHttpException' with message 'Login Required' in /var/www/html/yii/framework/web/auth/CWebUser.php:394
Stack trace:
#0 /var/www/html/yii/framework/web/auth/CAccessControlFilter.php(180): CWebUser->loginRequired()
#1 /var/www/html/yii/framework/web/auth/CAccessControlFilter.php(145): CAccessControlFilter->accessDenied(Object(CWebUser), 'You are not aut...')
#2 /var/www/html/yii/framework/web/filters/CFilter.php(38): CAccessControlFilter->preFilter(Object(CFilterChain))
#3 /var/www/html/yii/framework/web/CController.php(1145): CFilter->filter(Object(CFilterChain))
#4 /var/www/html/yii/framework/web/filters/CInlineFilter.php(58): CController->filterAccessControl(Object(CFilterChain))
#5 /var/www/html/yii/framework/web/filters/CFilterChain.php(130): CInlineFilter->filter(Object(CFilterChain))
#6 /var/www/html/yii/framework/web/CController.php(291): CFilterChain->run()
#7 /var/www/html/yii/framework/web/CController.php(265): CController->runActionWithFilters(Object(CInlineAction), Array)
#8 /var/www/html/yii/framework/web/CWebApplication.php(282): CController->run('savetitle')
#9 /var/www/html/yii/framework/web/CWebApplication.php(141): CWebApplication->runController('posts/saveTitle')
#10 /var/www/html/yii/framework/base/CApplication.php(184): CWebApplication->processRequest()
#11 /var/www/html/webapp/index.php(13): CApplication->run()
#12 {main}
REQUEST_URI=/posts/saveTitle?id=1473
HTTP_REFERER=http://meiliuer.com/posts/1473
---
2015/10/27 16:16:26 [error] [exception.CHttpException.403] exception 'CHttpException' with message 'Login Required' in /var/www/html/yii/framework/web/auth/CWebUser.php:394
Stack trace:
#0 /var/www/html/yii/framework/web/auth/CAccessControlFilter.php(180): CWebUser->loginRequired()
#1 /var/www/html/yii/framework/web/auth/CAccessControlFilter.php(145): CAccessControlFilter->accessDenied(Object(CWebUser), 'You are not aut...')
#2 /var/www/html/yii/framework/web/filters/CFilter.php(38): CAccessControlFilter->preFilter(Object(CFilterChain))
#3 /var/www/html/yii/framework/web/CController.php(1145): CFilter->filter(Object(CFilterChain))
#4 /var/www/html/yii/framework/web/filters/CInlineFilter.php(58): CController->filterAccessControl(Object(CFilterChain))
#5 /var/www/html/yii/framework/web/filters/CFilterChain.php(130): CInlineFilter->filter(Object(CFilterChain))
#6 /var/www/html/yii/framework/web/CController.php(291): CFilterChain->run()
#7 /var/www/html/yii/framework/web/CController.php(265): CController->runActionWithFilters(Object(CInlineAction), Array)
#8 /var/www/html/yii/framework/web/CWebApplication.php(282): CController->run('savetitle')
#9 /var/www/html/yii/framework/web/CWebApplication.php(141): CWebApplication->runController('posts/saveTitle')
#10 /var/www/html/yii/framework/base/CApplication.php(184): CWebApplication->processRequest()
#11 /var/www/html/webapp/index.php(13): CApplication->run()
#12 {main}
REQUEST_URI=/posts/saveTitle?id=2041
HTTP_REFERER=http://meiliuer.com/posts/2041
---
2015/10/27 16:16:42 [error] [exception.CHttpException.403] exception 'CHttpException' with message 'Login Required' in /var/www/html/yii/framework/web/auth/CWebUser.php:394
Stack trace:
#0 /var/www/html/yii/framework/web/auth/CAccessControlFilter.php(180): CWebUser->loginRequired()
#1 /var/www/html/yii/framework/web/auth/CAccessControlFilter.php(145): CAccessControlFilter->accessDenied(Object(CWebUser), 'You are not aut...')
#2 /var/www/html/yii/framework/web/filters/CFilter.php(38): CAccessControlFilter->preFilter(Object(CFilterChain))
#3 /var/www/html/yii/framework/web/CController.php(1145): CFilter->filter(Object(CFilterChain))
#4 /var/www/html/yii/framework/web/filters/CInlineFilter.php(58): CController->filterAccessControl(Object(CFilterChain))
#5 /var/www/html/yii/framework/web/filters/CFilterChain.php(130): CInlineFilter->filter(Object(CFilterChain))
#6 /var/www/html/yii/framework/web/CController.php(291): CFilterChain->run()
#7 /var/www/html/yii/framework/web/CController.php(265): CController->runActionWithFilters(Object(CInlineAction), Array)
#8 /var/www/html/yii/framework/web/CWebApplication.php(282): CController->run('savetitle')
#9 /var/www/html/yii/framework/web/CWebApplication.php(141): CWebApplication->runController('posts/saveTitle')
#10 /var/www/html/yii/framework/base/CApplication.php(184): CWebApplication->processRequest()
#11 /var/www/html/webapp/index.php(13): CApplication->run()
#12 {main}
REQUEST_URI=/posts/saveTitle?id=1941
HTTP_REFERER=http://meiliuer.com/posts/1941
---
2015/10/27 16:17:33 [error] [exception.CHttpException.403] exception 'CHttpException' with message 'Login Required' in /var/www/html/yii/framework/web/auth/CWebUser.php:394
Stack trace:
#0 /var/www/html/yii/framework/web/auth/CAccessControlFilter.php(180): CWebUser->loginRequired()
#1 /var/www/html/yii/framework/web/auth/CAccessControlFilter.php(145): CAccessControlFilter->accessDenied(Object(CWebUser), 'You are not aut...')
#2 /var/www/html/yii/framework/web/filters/CFilter.php(38): CAccessControlFilter->preFilter(Object(CFilterChain))
#3 /var/www/html/yii/framework/web/CController.php(1145): CFilter->filter(Object(CFilterChain))
#4 /var/www/html/yii/framework/web/filters/CInlineFilter.php(58): CController->filterAccessControl(Object(CFilterChain))
#5 /var/www/html/yii/framework/web/filters/CFilterChain.php(130): CInlineFilter->filter(Object(CFilterChain))
#6 /var/www/html/yii/framework/web/CController.php(291): CFilterChain->run()
#7 /var/www/html/yii/framework/web/CController.php(265): CController->runActionWithFilters(Object(CInlineAction), Array)
#8 /var/www/html/yii/framework/web/CWebApplication.php(282): CController->run('savetitle')
#9 /var/www/html/yii/framework/web/CWebApplication.php(141): CWebApplication->runController('posts/saveTitle')
#10 /var/www/html/yii/framework/base/CApplication.php(184): CWebApplication->processRequest()
#11 /var/www/html/webapp/index.php(13): CApplication->run()
#12 {main}
REQUEST_URI=/posts/saveTitle?id=2317
HTTP_REFERER=http://meiliuer.com/posts/2317
---
2015/10/27 16:17:42 [error] [exception.CHttpException.403] exception 'CHttpException' with message 'Login Required' in /var/www/html/yii/framework/web/auth/CWebUser.php:394
Stack trace:
#0 /var/www/html/yii/framework/web/auth/CAccessControlFilter.php(180): CWebUser->loginRequired()
#1 /var/www/html/yii/framework/web/auth/CAccessControlFilter.php(145): CAccessControlFilter->accessDenied(Object(CWebUser), 'You are not aut...')
#2 /var/www/html/yii/framework/web/filters/CFilter.php(38): CAccessControlFilter->preFilter(Object(CFilterChain))
#3 /var/www/html/yii/framework/web/CController.php(1145): CFilter->filter(Object(CFilterChain))
#4 /var/www/html/yii/framework/web/filters/CInlineFilter.php(58): CController->filterAccessControl(Object(CFilterChain))
#5 /var/www/html/yii/framework/web/filters/CFilterChain.php(130): CInlineFilter->filter(Object(CFilterChain))
#6 /var/www/html/yii/framework/web/CController.php(291): CFilterChain->run()
#7 /var/www/html/yii/framework/web/CController.php(265): CController->runActionWithFilters(Object(CInlineAction), Array)
#8 /var/www/html/yii/framework/web/CWebApplication.php(282): CController->run('savetitle')
#9 /var/www/html/yii/framework/web/CWebApplication.php(141): CWebApplication->runController('posts/saveTitle')
#10 /var/www/html/yii/framework/base/CApplication.php(184): CWebApplication->processRequest()
#11 /var/www/html/webapp/index.php(13): CApplication->run()
#12 {main}
REQUEST_URI=/posts/saveTitle?id=1713
HTTP_REFERER=http://meiliuer.com/posts/1713
---
2015/10/27 16:18:40 [error] [exception.CHttpException.403] exception 'CHttpException' with message 'Login Required' in /var/www/html/yii/framework/web/auth/CWebUser.php:394
Stack trace:
#0 /var/www/html/yii/framework/web/auth/CAccessControlFilter.php(180): CWebUser->loginRequired()
#1 /var/www/html/yii/framework/web/auth/CAccessControlFilter.php(145): CAccessControlFilter->accessDenied(Object(CWebUser), 'You are not aut...')
#2 /var/www/html/yii/framework/web/filters/CFilter.php(38): CAccessControlFilter->preFilter(Object(CFilterChain))
#3 /var/www/html/yii/framework/web/CController.php(1145): CFilter->filter(Object(CFilterChain))
#4 /var/www/html/yii/framework/web/filters/CInlineFilter.php(58): CController->filterAccessControl(Object(CFilterChain))
#5 /var/www/html/yii/framework/web/filters/CFilterChain.php(130): CInlineFilter->filter(Object(CFilterChain))
#6 /var/www/html/yii/framework/web/CController.php(291): CFilterChain->run()
#7 /var/www/html/yii/framework/web/CController.php(265): CController->runActionWithFilters(Object(CInlineAction), Array)
#8 /var/www/html/yii/framework/web/CWebApplication.php(282): CController->run('savetitle')
#9 /var/www/html/yii/framework/web/CWebApplication.php(141): CWebApplication->runController('posts/saveTitle')
#10 /var/www/html/yii/framework/base/CApplication.php(184): CWebApplication->processRequest()
#11 /var/www/html/webapp/index.php(13): CApplication->run()
#12 {main}
REQUEST_URI=/posts/saveTitle?id=1901
HTTP_REFERER=http://meiliuer.com/posts/1901
---
2015/10/27 16:27:14 [error] [exception.CHttpException.403] exception 'CHttpException' with message 'Login Required' in /var/www/html/yii/framework/web/auth/CWebUser.php:394
Stack trace:
#0 /var/www/html/yii/framework/web/auth/CAccessControlFilter.php(180): CWebUser->loginRequired()
#1 /var/www/html/yii/framework/web/auth/CAccessControlFilter.php(145): CAccessControlFilter->accessDenied(Object(CWebUser), 'You are not aut...')
#2 /var/www/html/yii/framework/web/filters/CFilter.php(38): CAccessControlFilter->preFilter(Object(CFilterChain))
#3 /var/www/html/yii/framework/web/CController.php(1145): CFilter->filter(Object(CFilterChain))
#4 /var/www/html/yii/framework/web/filters/CInlineFilter.php(58): CController->filterAccessControl(Object(CFilterChain))
#5 /var/www/html/yii/framework/web/filters/CFilterChain.php(130): CInlineFilter->filter(Object(CFilterChain))
#6 /var/www/html/yii/framework/web/CController.php(291): CFilterChain->run()
#7 /var/www/html/yii/framework/web/CController.php(265): CController->runActionWithFilters(Object(CInlineAction), Array)
#8 /var/www/html/yii/framework/web/CWebApplication.php(282): CController->run('savetitle')
#9 /var/www/html/yii/framework/web/CWebApplication.php(141): CWebApplication->runController('posts/saveTitle')
#10 /var/www/html/yii/framework/base/CApplication.php(184): CWebApplication->processRequest()
#11 /var/www/html/webapp/index.php(13): CApplication->run()
#12 {main}
REQUEST_URI=/posts/saveTitle?id=1614
HTTP_REFERER=http://meiliuer.com/posts/1614
---
2015/10/27 16:39:45 [error] [exception.CHttpException.403] exception 'CHttpException' with message 'Login Required' in /var/www/html/yii/framework/web/auth/CWebUser.php:394
Stack trace:
#0 /var/www/html/yii/framework/web/auth/CAccessControlFilter.php(180): CWebUser->loginRequired()
#1 /var/www/html/yii/framework/web/auth/CAccessControlFilter.php(145): CAccessControlFilter->accessDenied(Object(CWebUser), 'You are not aut...')
#2 /var/www/html/yii/framework/web/filters/CFilter.php(38): CAccessControlFilter->preFilter(Object(CFilterChain))
#3 /var/www/html/yii/framework/web/CController.php(1145): CFilter->filter(Object(CFilterChain))
#4 /var/www/html/yii/framework/web/filters/CInlineFilter.php(58): CController->filterAccessControl(Object(CFilterChain))
#5 /var/www/html/yii/framework/web/filters/CFilterChain.php(130): CInlineFilter->filter(Object(CFilterChain))
#6 /var/www/html/yii/framework/web/CController.php(291): CFilterChain->run()
#7 /var/www/html/yii/framework/web/CController.php(265): CController->runActionWithFilters(Object(CInlineAction), Array)
#8 /var/www/html/yii/framework/web/CWebApplication.php(282): CController->run('savetitle')
#9 /var/www/html/yii/framework/web/CWebApplication.php(141): CWebApplication->runController('posts/saveTitle')
#10 /var/www/html/yii/framework/base/CApplication.php(184): CWebApplication->processRequest()
#11 /var/www/html/webapp/index.php(13): CApplication->run()
#12 {main}
REQUEST_URI=/posts/saveTitle?id=1226
HTTP_REFERER=http://meiliuer.com/posts/1226
---
2015/10/27 16:43:05 [error] [exception.CHttpException.403] exception 'CHttpException' with message 'Login Required' in /var/www/html/yii/framework/web/auth/CWebUser.php:394
Stack trace:
#0 /var/www/html/yii/framework/web/auth/CAccessControlFilter.php(180): CWebUser->loginRequired()
#1 /var/www/html/yii/framework/web/auth/CAccessControlFilter.php(145): CAccessControlFilter->accessDenied(Object(CWebUser), 'You are not aut...')
#2 /var/www/html/yii/framework/web/filters/CFilter.php(38): CAccessControlFilter->preFilter(Object(CFilterChain))
#3 /var/www/html/yii/framework/web/CController.php(1145): CFilter->filter(Object(CFilterChain))
#4 /var/www/html/yii/framework/web/filters/CInlineFilter.php(58): CController->filterAccessControl(Object(CFilterChain))
#5 /var/www/html/yii/framework/web/filters/CFilterChain.php(130): CInlineFilter->filter(Object(CFilterChain))
#6 /var/www/html/yii/framework/web/CController.php(291): CFilterChain->run()
#7 /var/www/html/yii/framework/web/CController.php(265): CController->runActionWithFilters(Object(CInlineAction), Array)
#8 /var/www/html/yii/framework/web/CWebApplication.php(282): CController->run('savetitle')
#9 /var/www/html/yii/framework/web/CWebApplication.php(141): CWebApplication->runController('posts/saveTitle')
#10 /var/www/html/yii/framework/base/CApplication.php(184): CWebApplication->processRequest()
#11 /var/www/html/webapp/index.php(13): CApplication->run()
#12 {main}
REQUEST_URI=/posts/saveTitle?id=1630
HTTP_REFERER=http://meiliuer.com/posts/1630
---
2015/10/27 17:07:55 [error] [exception.CHttpException.403] exception 'CHttpException' with message 'Login Required' in /var/www/html/yii/framework/web/auth/CWebUser.php:394
Stack trace:
#0 /var/www/html/yii/framework/web/auth/CAccessControlFilter.php(180): CWebUser->loginRequired()
#1 /var/www/html/yii/framework/web/auth/CAccessControlFilter.php(145): CAccessControlFilter->accessDenied(Object(CWebUser), 'You are not aut...')
#2 /var/www/html/yii/framework/web/filters/CFilter.php(38): CAccessControlFilter->preFilter(Object(CFilterChain))
#3 /var/www/html/yii/framework/web/CController.php(1145): CFilter->filter(Object(CFilterChain))
#4 /var/www/html/yii/framework/web/filters/CInlineFilter.php(58): CController->filterAccessControl(Object(CFilterChain))
#5 /var/www/html/yii/framework/web/filters/CFilterChain.php(130): CInlineFilter->filter(Object(CFilterChain))
#6 /var/www/html/yii/framework/web/CController.php(291): CFilterChain->run()
#7 /var/www/html/yii/framework/web/CController.php(265): CController->runActionWithFilters(Object(CInlineAction), Array)
#8 /var/www/html/yii/framework/web/CWebApplication.php(282): CController->run('savetitle')
#9 /var/www/html/yii/framework/web/CWebApplication.php(141): CWebApplication->runController('posts/saveTitle')
#10 /var/www/html/yii/framework/base/CApplication.php(184): CWebApplication->processRequest()
#11 /var/www/html/webapp/index.php(13): CApplication->run()
#12 {main}
REQUEST_URI=/posts/saveTitle?id=1226
HTTP_REFERER=http://meiliuer.com/posts/1226
---
2015/10/27 17:28:01 [error] [exception.CHttpException.403] exception 'CHttpException' with message 'Login Required' in /var/www/html/yii/framework/web/auth/CWebUser.php:394
Stack trace:
#0 /var/www/html/yii/framework/web/auth/CAccessControlFilter.php(180): CWebUser->loginRequired()
#1 /var/www/html/yii/framework/web/auth/CAccessControlFilter.php(145): CAccessControlFilter->accessDenied(Object(CWebUser), 'You are not aut...')
#2 /var/www/html/yii/framework/web/filters/CFilter.php(38): CAccessControlFilter->preFilter(Object(CFilterChain))
#3 /var/www/html/yii/framework/web/CController.php(1145): CFilter->filter(Object(CFilterChain))
#4 /var/www/html/yii/framework/web/filters/CInlineFilter.php(58): CController->filterAccessControl(Object(CFilterChain))
#5 /var/www/html/yii/framework/web/filters/CFilterChain.php(130): CInlineFilter->filter(Object(CFilterChain))
#6 /var/www/html/yii/framework/web/CController.php(291): CFilterChain->run()
#7 /var/www/html/yii/framework/web/CController.php(265): CController->runActionWithFilters(Object(CInlineAction), Array)
#8 /var/www/html/yii/framework/web/CWebApplication.php(282): CController->run('savetitle')
#9 /var/www/html/yii/framework/web/CWebApplication.php(141): CWebApplication->runController('posts/saveTitle')
#10 /var/www/html/yii/framework/base/CApplication.php(184): CWebApplication->processRequest()
#11 /var/www/html/webapp/index.php(13): CApplication->run()
#12 {main}
REQUEST_URI=/posts/saveTitle?id=1146
HTTP_REFERER=http://meiliuer.com/posts/1146
---
2015/10/27 18:13:08 [error] [php] exif_imagetype(http://images.ixiqi.com/wp-content/uploads/2015/03/hometimebanner.jpg): failed to open stream: Connection timed out (/var/www/html/webapp/protected/models/Posts.php:209)
Stack trace:
#0 /var/www/html/webapp/protected/controllers/CrontabController.php(105): CrontabController->ParseRss()
#1 /var/www/html/yii/framework/web/actions/CInlineAction.php(49): CrontabController->actionTech()
#2 /var/www/html/yii/framework/web/CController.php(308): CInlineAction->runWithParams()
#3 /var/www/html/yii/framework/web/CController.php(286): CrontabController->runAction()
#4 /var/www/html/yii/framework/web/CController.php(265): CrontabController->runActionWithFilters()
#5 /var/www/html/yii/framework/web/CWebApplication.php(282): CrontabController->run()
#6 /var/www/html/yii/framework/web/CWebApplication.php(141): CWebApplication->runController()
#7 /var/www/html/yii/framework/base/CApplication.php(184): CWebApplication->processRequest()
#8 /var/www/html/webapp/index.php(13): CWebApplication->run()
REQUEST_URI=/crontab/tech
in /var/www/html/webapp/protected/models/Posts.php (209)
in /var/www/html/webapp/protected/controllers/CrontabController.php (69)
in /var/www/html/webapp/protected/controllers/CrontabController.php (105)
2015/10/27 18:37:10 [error] [exception.CHttpException.404] exception 'CHttpException' with message 'Unable to resolve the request "manager/html".' in /var/www/html/yii/framework/web/CWebApplication.php:286
Stack trace:
#0 /var/www/html/yii/framework/web/CWebApplication.php(141): CWebApplication->runController('manager/html')
#1 /var/www/html/yii/framework/base/CApplication.php(184): CWebApplication->processRequest()
#2 /var/www/html/webapp/index.php(13): CApplication->run()
#3 {main}
REQUEST_URI=/manager/html
---
